20:26:53.563 laundry [main] INFO  com.cqnu.LaundryApplication - Starting LaundryApplication on BLGBBS-351686GI with PID 5208 (C:\Users\Administrator\Desktop\laundry\target\classes started by Administrator in C:\Users\Administrator\Desktop\laundry)
20:26:53.644 laundry [main] INFO  com.cqnu.LaundryApplication - The following profiles are active: prod
20:26:56.212 laundry [main] INFO  o.s.d.r.c.RepositoryConfigurationDelegate - Bootstrapping Spring Data repositories in DEFAULT mode.
20:26:56.296 laundry [main] INFO  o.s.d.r.c.RepositoryConfigurationDelegate - Finished Spring Data repository scanning in 53ms. Found 0 repository interfaces.
20:26:56.714 laundry [main] INFO  o.s.c.s.PostProcessorRegistrationDelegate$BeanPostProcessorChecker - Bean 'org.springframework.transaction.annotation.ProxyTransactionManagementConfiguration' of type [org.springframework.transaction.annotation.ProxyTransactionManagementConfiguration$$EnhancerBySpringCGLIB$$38443778] is not eligible for getting processed by all BeanPostProcessors (for example: not eligible for auto-proxying)
20:26:57.091 laundry [main] INFO  o.s.b.w.e.tomcat.TomcatWebServer - Tomcat initialized with port(s): 8083 (http)
20:26:57.128 laundry [main] INFO  o.a.coyote.http11.Http11NioProtocol - Initializing ProtocolHandler ["http-nio-8083"]
20:26:57.139 laundry [main] INFO  o.a.catalina.core.StandardService - Starting service [Tomcat]
20:26:57.140 laundry [main] INFO  o.a.catalina.core.StandardEngine - Starting Servlet engine: [Apache Tomcat/9.0.14]
20:26:57.147 laundry [main] INFO  o.a.c.core.AprLifecycleListener - The APR based Apache Tomcat Native library which allows optimal performance in production environments was not found on the java.library.path: [C:\Program Files\Java\jdk1.8.0_121\bin;C:\WINDOWS\Sun\Java\bin;C:\WINDOWS\system32;C:\WINDOWS;C:\Program Files\Java\apache-maven-3.6.0\bin;C:\Program Files\HPE\NV\lib\shunra\vcat;F:\oracle\product\10.2.0\db_1\bin;C:\ProgramData\Oracle\Java\javapath;C:\Windows\system32;C:\Windows;C:\Windows\System32\Wbem;C:\Windows\System32\WindowsPowerShell\v1.0\;C:\Program Files (x86)\NVIDIA Corporation\PhysX\Common;C:\Users\Administrator\.dnx\bin;C:\Program Files\Microsoft DNX\Dnvm\;C:\Program Files\Microsoft SQL Server\130\Tools\Binn\;c:\Program Files (x86)\Microsoft SQL Server\100\Tools\Binn\;c:\Program Files (x86)\Microsoft SQL Server\100\DTS\Binn\;c:\Program Files (x86)\Microsoft SQL Server\100\Tools\Binn\VSShell\Common7\IDE\;c:\Program Files (x86)\Microsoft Visual Studio 9.0\Common7\IDE\PrivateAssemblies\;C:\Program Files\Java\jdk1.8.0_121\bin;C:\Program Files\Java\jre1.8.0_121\bin;\Program Files\Java\jdk1.8.0_121\bin;C:\Program Files\Microsoft SQL Server\120\Tools\Binn\;C:\Program Files (x86)\Windows Kits\10\Windows Performance Toolkit\;F:\Program Files (x86)\HPE\Unified Functional Testing\bin;F:\Program Files (x86)\HPE\LoadRunner\strawberry-perl\perl\bin;C:\strawberry\c\bin;C:\strawberry\perl\bin;C:\Program Files\Intel\WiFi\bin\;C:\Program Files\Common Files\Intel\WirelessCommon\;C:\WINDOWS\system32;C:\WINDOWS;C:\WINDOWS\System32\Wbem;C:\WINDOWS\System32\WindowsPowerShell\v1.0\;C:\WINDOWS\System32\OpenSSH\;C:\Program Files\NVIDIA Corporation\NVIDIA NvDLISR;C:\Program Files\Java\apache-maven-3.6.0\bin;C:\Program Files\Git\cmd;C:\Users\Administrator\AppData\Local\Microsoft\WindowsApps;C:\Program Files\Intel\WiFi\bin\;C:\Program Files\Common Files\Intel\WirelessCommon\;C:\Users\Administrator\AppData\Local\GitHubDesktop\bin;G:\Program Files\JetBrains\IntelliJ IDEA 2018.3.4\bin;;.]
20:26:57.581 laundry [main] INFO  org.apache.jasper.servlet.TldScanner - At least one JAR was scanned for TLDs yet contained no TLDs. Enable debug logging for this logger for a complete list of JARs that were scanned but no TLDs were found in them. Skipping unneeded JARs during scanning can improve startup time and JSP compilation time.
20:26:57.594 laundry [main] INFO  o.a.c.c.C.[.[localhost].[/laundry] - Initializing Spring embedded WebApplicationContext
20:26:57.595 laundry [main] INFO  o.s.web.context.ContextLoader - Root WebApplicationContext: initialization completed in 3843 ms
20:26:58.073 laundry [main] INFO  c.alibaba.druid.pool.DruidDataSource - {dataSource-1} inited
20:26:58.963 laundry [main] INFO  org.hibernate.Version - HHH000412: Hibernate Core {5.3.7.Final}
20:26:58.965 laundry [main] INFO  org.hibernate.cfg.Environment - HHH000206: hibernate.properties not found
20:26:59.119 laundry [main] INFO  o.h.annotations.common.Version - HCANN000001: Hibernate Commons Annotations {5.0.4.Final}
20:26:59.359 laundry [main] INFO  org.hibernate.dialect.Dialect - HHH000400: Using dialect: org.hibernate.dialect.MySQL5Dialect
20:26:59.653 laundry [main] INFO  o.s.o.j.LocalContainerEntityManagerFactoryBean - Initialized JPA EntityManagerFactory for persistence unit 'default'
20:27:00.269 laundry [main] INFO  o.s.s.c.ThreadPoolTaskExecutor - Initializing ExecutorService 'applicationTaskExecutor'
20:27:00.315 laundry [main] WARN  o.s.b.a.o.j.JpaBaseConfiguration$JpaWebConfiguration$JpaWebMvcConfiguration - spring.jpa.open-in-view is enabled by default. Therefore, database queries may be performed during view rendering. Explicitly configure spring.jpa.open-in-view to disable this warning
20:27:00.407 laundry [main] INFO  o.s.b.a.w.s.WelcomePageHandlerMapping - Adding welcome page: ServletContext resource [/index.html]
20:27:00.420 laundry [main] INFO  t.m.m.a.MapperCacheDisabler - Clear tk.mybatis.mapper.util.MsUtil CLASS_CACHE cache.
20:27:00.420 laundry [main] INFO  t.m.m.a.MapperCacheDisabler - Clear tk.mybatis.mapper.genid.GenIdUtil CACHE cache.
20:27:00.421 laundry [main] INFO  t.m.m.a.MapperCacheDisabler - Clear tk.mybatis.mapper.version.VersionUtil CACHE cache.
20:27:00.422 laundry [main] INFO  t.m.m.a.MapperCacheDisabler - Clear EntityHelper entityTableMap cache.
20:27:00.559 laundry [main] INFO  o.s.s.c.ThreadPoolTaskScheduler - Initializing ExecutorService 'taskScheduler'
20:27:00.631 laundry [main] INFO  o.a.coyote.http11.Http11NioProtocol - Starting ProtocolHandler ["http-nio-8083"]
20:27:00.666 laundry [main] INFO  o.s.b.w.e.tomcat.TomcatWebServer - Tomcat started on port(s): 8083 (http) with context path '/laundry'
20:27:00.669 laundry [main] INFO  com.cqnu.LaundryApplication - Started LaundryApplication in 8.559 seconds (JVM running for 10.286)
